<?xml version="1.0" encoding="UTF-8"?>
<!-- Generated by org.testng.reporters.JUnitReportReporter -->
<testsuite hostname="LAPTOP-1UVV2VF4" failures="0" tests="1" name="OrangeHrm.Login" time="12.656" errors="0" timestamp="2023-04-23T15:03:31 IST" skipped="0">
  <testcase classname="OrangeHrm.Login" name="ValidLogin" time="12.656"/>
  <system-out/>
</testsuite> <!-- OrangeHrm.Login -->
